<?xml version="1.0" encoding="UTF-8"?>
<!-- Generated by org.testng.reporters.JUnitReportReporter -->
<testsuite hostname="LAPTOP-MKCCBE6B" failures="0" tests="2" name="com.dxcTesting.practiceSelenium.TestNGTestGrouping" time="0.007" errors="0" timestamp="2020-01-10T19:45:38 CST" skipped="0">
  <testcase classname="com.dxcTesting.practiceSelenium.TestNGTestGrouping" name="HONDACBR" time="0.006"/>
  <testcase classname="com.dxcTesting.practiceSelenium.TestNGTestGrouping" name="NINJA" time="0.001"/>
</testsuite> <!-- com.dxcTesting.practiceSelenium.TestNGTestGrouping -->
