<?xml version="1.0" encoding="UTF-8"?>
<!-- Generated by org.testng.reporters.JUnitReportReporter -->
<testsuite hostname="LAPTOP-MKCCBE6B" failures="0" tests="4" name="com.dxcTesting.practiceSelenium.TestNGAnnotations2" time="0.031" errors="0" timestamp="2020-01-10T19:38:12 CST" skipped="0">
  <testcase classname="com.dxcTesting.practiceSelenium.TestNGAnnotations2" name="testCase2" time="0.004"/>
  <testcase classname="com.dxcTesting.practiceSelenium.TestNGAnnotations2" name="testCase1" time="0.004"/>
  <testcase classname="com.dxcTesting.practiceSelenium.TestNGAnnotations2" name="testCase2" time="0.012"/>
  <testcase classname="com.dxcTesting.practiceSelenium.TestNGAnnotations2" name="testCase1" time="0.011"/>
</testsuite> <!-- com.dxcTesting.practiceSelenium.TestNGAnnotations2 -->
