<?xml version="1.0" encoding="UTF-8"?>
<!-- Generated by org.testng.reporters.JUnitReportReporter -->
<testsuite hostname="LAPTOP-MKCCBE6B" failures="0" tests="4" name="com.dxcTesting.practiceSelenium.TestNGAnnotations1" time="0.044" errors="0" timestamp="2020-01-10T19:38:12 CST" skipped="0">
  <testcase classname="com.dxcTesting.practiceSelenium.TestNGAnnotations1" name="testCase2" time="0.015"/>
  <testcase classname="com.dxcTesting.practiceSelenium.TestNGAnnotations1" name="testCase1" time="0.003"/>
  <testcase classname="com.dxcTesting.practiceSelenium.TestNGAnnotations1" name="testCase1" time="0.013"/>
  <testcase classname="com.dxcTesting.practiceSelenium.TestNGAnnotations1" name="testCase2" time="0.013"/>
</testsuite> <!-- com.dxcTesting.practiceSelenium.TestNGAnnotations1 -->
