<?xml version="1.0" encoding="UTF-8"?>
<!-- Generated by org.testng.reporters.JUnitReportReporter -->
<testsuite hostname="LAPTOP-MKCCBE6B" failures="0" tests="1" name="com.dxcTesting.practiceSelenium.NewTest_Google" time="15.235" errors="0" timestamp="2020-01-10T17:25:44 CST" skipped="0">
  <testcase classname="com.dxcTesting.practiceSelenium.NewTest_Google" name="f" time="15.235"/>
</testsuite> <!-- com.dxcTesting.practiceSelenium.NewTest_Google -->
