<?xml version="1.0" encoding="UTF-8"?>
<!-- Generated by org.testng.reporters.JUnitReportReporter -->
<testsuite hostname="LAPTOP-MKCCBE6B" failures="0" tests="3" name="com.dxcTesting.practiceSelenium.TestNG_DataProviders" time="0.002" errors="0" timestamp="11 Jan 2020 01:46:56 GMT" skipped="0">
  <testcase classname="com.dxcTesting.practiceSelenium.TestNG_DataProviders" name="testDP" time="0.000"/>
  <testcase classname="com.dxcTesting.practiceSelenium.TestNG_DataProviders" name="testDP" time="0.001"/>
  <testcase classname="com.dxcTesting.practiceSelenium.TestNG_DataProviders" name="testDP" time="0.001"/>
</testsuite> <!-- com.dxcTesting.practiceSelenium.TestNG_DataProviders -->
