<?xml version="1.0" encoding="UTF-8"?>
<!-- Generated by org.testng.reporters.JUnitReportReporter -->
<testsuite hostname="LAPTOP-MKCCBE6B" failures="0" tests="4" name="com.dxcTesting.practiceSelenium.TestNGTestGrouping" time="0.004" errors="0" timestamp="11 Jan 2020 01:46:56 GMT" skipped="0">
  <testcase classname="com.dxcTesting.practiceSelenium.TestNGTestGrouping" name="NINJA" time="0.001"/>
  <testcase classname="com.dxcTesting.practiceSelenium.TestNGTestGrouping" name="AUDIQ5" time="0.001"/>
  <testcase classname="com.dxcTesting.practiceSelenium.TestNGTestGrouping" name="AUDIA6" time="0.001"/>
  <testcase classname="com.dxcTesting.practiceSelenium.TestNGTestGrouping" name="HONDACBR" time="0.001"/>
</testsuite> <!-- com.dxcTesting.practiceSelenium.TestNGTestGrouping -->
