<?xml version="1.0" encoding="UTF-8"?>
<!-- Generated by org.testng.reporters.JUnitReportReporter -->
<testsuite hostname="LAPTOP-MKCCBE6B" failures="0" tests="1" name="com.dxcTesting.practiceSelenium.TestCase_Google" time="17.888" errors="0" timestamp="11 Jan 2020 01:46:56 GMT" skipped="0">
  <testcase classname="com.dxcTesting.practiceSelenium.TestCase_Google" name="f" time="17.888"/>
</testsuite> <!-- com.dxcTesting.practiceSelenium.TestCase_Google -->
