<?xml version="1.0" encoding="UTF-8"?>
<!-- Generated by org.testng.reporters.JUnitReportReporter -->
<testsuite hostname="LAPTOP-MKCCBE6B" failures="0" tests="2" name="com.dxcTesting.practiceSelenium.TestNGAnnotations1" time="0.003" errors="0" timestamp="11 Jan 2020 01:46:56 GMT" skipped="0">
  <testcase classname="com.dxcTesting.practiceSelenium.TestNGAnnotations1" name="testCase1" time="0.002"/>
  <testcase classname="com.dxcTesting.practiceSelenium.TestNGAnnotations1" name="testCase2" time="0.001"/>
</testsuite> <!-- com.dxcTesting.practiceSelenium.TestNGAnnotations1 -->
